;  LST file generated by mikroListExporter - v.2.0 
; Date/Time: 16/02/2024 21:48:54
;----------------------------------------------

;Address Opcode 	ASM
0x0000	0xF000EF0E  	GOTO        28
0x0004	0x0000      	NOP
0x0006	0x0000      	NOP
0x0008	0xF000EF00  	GOTO        0
0x000C	0x0000      	NOP
0x000E	0x0000      	NOP
0x0010	0x0000      	NOP
0x0012	0x0000      	NOP
0x0014	0x0000      	NOP
0x0016	0x0000      	NOP
0x0018	0xD7F3      	BRA         0
_main:
;LFC_P3A.c,1 :: 		void main()
;LFC_P3A.c,4 :: 		unsigned short anterior = 1;
0x001C	0x0E01      	MOVLW       1
0x001E	0x6E15      	MOVWF       main_anterior_L0 
;LFC_P3A.c,5 :: 		ADCON1 = 0x07; //configuración de los canales anal?gicos (AN) como digitales
0x0020	0x0E07      	MOVLW       7
0x0022	0x6EC1      	MOVWF       ADCON1 
;LFC_P3A.c,7 :: 		TRISB.B2 = 1; //se declara B2 como una entrada digital
0x0024	0x8493      	BSF         TRISB, 2 
;LFC_P3A.c,8 :: 		TRISB.B3 = 0; //se declara B2 como una salida digital
0x0026	0x9693      	BCF         TRISB, 3 
;LFC_P3A.c,9 :: 		PORTB.B2 = 1;
0x0028	0x8481      	BSF         PORTB, 2 
;LFC_P3A.c,10 :: 		PORTB.B3 = 0;
0x002A	0x9681      	BCF         PORTB, 3 
;LFC_P3A.c,11 :: 		while(1)
L_main0:
;LFC_P3A.c,13 :: 		anterior = PORTB.B2;
0x002C	0x0E00      	MOVLW       0
0x002E	0xB481      	BTFSC       PORTB, 2 
0x0030	0x0E01      	MOVLW       1
0x0032	0x6E15      	MOVWF       main_anterior_L0 
;LFC_P3A.c,14 :: 		delay_ms(100);
0x0034	0x0E02      	MOVLW       2
0x0036	0x6E0B      	MOVWF       R11, 0
0x0038	0x0E04      	MOVLW       4
0x003A	0x6E0C      	MOVWF       R12, 0
0x003C	0x0EBA      	MOVLW       186
0x003E	0x6E0D      	MOVWF       R13, 0
L_main2:
0x0040	0x2E0D      	DECFSZ      R13, 1, 0
0x0042	0xD7FE      	BRA         L_main2
0x0044	0x2E0C      	DECFSZ      R12, 1, 0
0x0046	0xD7FC      	BRA         L_main2
0x0048	0x2E0B      	DECFSZ      R11, 1, 0
0x004A	0xD7FA      	BRA         L_main2
0x004C	0x0000      	NOP
;LFC_P3A.c,15 :: 		if((anterior == 1) && (PORTB.B2 == 0)){
0x004E	0x5015      	MOVF        main_anterior_L0, 0 
0x0050	0x0A01      	XORLW       1
0x0052	0xE102      	BNZ         L_main5
0x0054	0xA481      	BTFSS       PORTB, 2 
L__main6:
;LFC_P3A.c,16 :: 		PORTB.B3 = !PORTB.B3;
0x0056	0x7681      	BTG         PORTB, 3 
;LFC_P3A.c,17 :: 		}
L_main5:
;LFC_P3A.c,18 :: 		}
0x0058	0xD7E9      	BRA         L_main0
;LFC_P3A.c,19 :: 		}
L_end_main:
0x005A	0xD7FF      	BRA         $+0
; end of _main
Symbol List:
//** Routines locations **
//ADDRESS    SIZE    PROCEDURE
//----------------------------------------------
0x001C      [64]    _main
//** Variables locations ** 
//ADDRESS    SIZE    VARIABLE
//----------------------------------------------
0x0000       [1]    R0
0x0001       [1]    R1
0x0002       [1]    R2
0x0003       [1]    R3
0x0004       [1]    R4
0x0005       [1]    R5
0x0006       [1]    R6
0x0007       [1]    R7
0x0008       [1]    R8
0x0009       [1]    R9
0x000A       [1]    R10
0x000B       [1]    R11
0x000C       [1]    R12
0x000D       [1]    R13
0x000E       [1]    R14
0x000F       [1]    R15
0x0010       [1]    R16
0x0011       [1]    R17
0x0012       [1]    R18
0x0013       [1]    R19
0x0014       [1]    R20
0x0015       [1]    main_anterior_L0
0x0F81       [1]    PORTB
0x0F93       [1]    TRISB
0x0FC1       [1]    ADCON1
0x0FD8       [1]    STATUS
0x0FD9       [1]    FSR2L
0x0FDA       [1]    FSR2H
0x0FDE       [1]    POSTINC2
0x0FE0       [1]    BSR
0x0FE1       [1]    FSR1L
0x0FE2       [1]    FSR1H
0x0FE4       [1]    PREINC1
0x0FE6       [1]    POSTINC1
0x0FE7       [1]    INDF1
0x0FE8       [1]    WREG
0x0FE9       [1]    FSR0L
0x0FEA       [1]    FSR0H
0x0FEE       [1]    POSTINC0
0x0FF3       [1]    PRODL
0x0FF4       [1]    PRODH
0x0FF5       [1]    TABLAT
0x0FF6       [1]    TBLPTRL
0x0FF7       [1]    TBLPTRH
0x0FF8       [1]    TBLPTRU
