;  LST file generated by mikroListExporter - v.2.0 
; Date/Time: 11/02/2024 21:11:43
;----------------------------------------------

;Address Opcode 	ASM
0x0000	0xF000EF16  	GOTO        44
0x0004	0x0000      	NOP
0x0006	0x0000      	NOP
0x0008	0xF000EF00  	GOTO        0
0x000C	0x0000      	NOP
0x000E	0x0000      	NOP
0x0010	0x0000      	NOP
0x0012	0x0000      	NOP
0x0014	0x0000      	NOP
0x0016	0x0000      	NOP
0x0018	0xD7F3      	BRA         0
___CC2DW:
;__Lib_System.c,21 :: 		
;__Lib_System.c,23 :: 		
_CC2DL_Loop1:
;__Lib_System.c,24 :: 		
0x001C	0x0009      	TBLRD*+
;__Lib_System.c,25 :: 		
0x001E	0xFFE6CFF5  	MOVFF       TABLAT, POSTINC1
;__Lib_System.c,26 :: 		
0x0022	0x0600      	DECF        R0, 1, 0
;__Lib_System.c,27 :: 		
0x0024	0xE1FB      	BNZ         _CC2DL_Loop1
;__Lib_System.c,28 :: 		
0x0026	0x0601      	DECF        R1, 1, 0
;__Lib_System.c,29 :: 		
0x0028	0xE1F9      	BNZ         _CC2DL_Loop1
;__Lib_System.c,31 :: 		
L_end___CC2DW:
0x002A	0x0012      	RETURN      0
; end of ___CC2DW
_main:
0x002C	0xF000EC4D  	CALL        154, 0
;LFC_P1C.c,4 :: 		void main()
;LFC_P1C.c,9 :: 		ADCON1 = 0X07; // Configuraci?n de los canales anal?gicos (AN) como digitales
0x0030	0x0E07      	MOVLW       7
0x0032	0x6EC1      	MOVWF       ADCON1 
;LFC_P1C.c,12 :: 		TRISC = 0;    // Se declaran los RC como salidas digital
0x0034	0x6A94      	CLRF        TRISC 
;LFC_P1C.c,13 :: 		PORTC = 0;    // Se ponen los terminales RC a 0
0x0036	0x6A82      	CLRF        PORTC 
;LFC_P1C.c,14 :: 		TRISB.B5 = 1; // Se declara B5 como entrada digital
0x0038	0x8A93      	BSF         TRISB, 5 
;LFC_P1C.c,15 :: 		PORTB.B5 = 0; // Se inicializa el puerto B5 a 0
0x003A	0x9A81      	BCF         PORTB, 5 
;LFC_P1C.c,17 :: 		while (1)
L_main0:
;LFC_P1C.c,19 :: 		for (i = 0; i < 16 && PORTB.B5; i++)
0x003C	0x6A01      	CLRF        R1 
0x003E	0x6A02      	CLRF        R2 
L_main2:
0x0040	0x0E80      	MOVLW       128
0x0042	0x1802      	XORWF       R2, 0 
0x0044	0x6E00      	MOVWF       R0 
0x0046	0x0E80      	MOVLW       128
0x0048	0x5C00      	SUBWF       R0, 0 
0x004A	0xE102      	BNZ         L__main10
0x004C	0x0E10      	MOVLW       16
0x004E	0x5C01      	SUBWF       R1, 0 
L__main10:
0x0050	0xE21A      	BC          L_main3
0x0052	0xAA81      	BTFSS       PORTB, 5 
0x0054	0xD018      	BRA         L_main3
L__main8:
;LFC_P1C.c,21 :: 		PORTC = x[i];
0x0056	0x0E15      	MOVLW       _x
0x0058	0x2401      	ADDWF       R1, 0 
0x005A	0x6EE9      	MOVWF       FSR0L 
0x005C	0x0E00      	MOVLW       hi_addr(_x)
0x005E	0x2002      	ADDWFC      R2, 0 
0x0060	0x6EEA      	MOVWF       FSR0L+1 
0x0062	0xFF82CFEE  	MOVFF       POSTINC0, PORTC
;LFC_P1C.c,22 :: 		delay_ms(100);
0x0066	0x0E02      	MOVLW       2
0x0068	0x6E0B      	MOVWF       R11, 0
0x006A	0x0E04      	MOVLW       4
0x006C	0x6E0C      	MOVWF       R12, 0
0x006E	0x0EBA      	MOVLW       186
0x0070	0x6E0D      	MOVWF       R13, 0
L_main7:
0x0072	0x2E0D      	DECFSZ      R13, 1, 0
0x0074	0xD7FE      	BRA         L_main7
0x0076	0x2E0C      	DECFSZ      R12, 1, 0
0x0078	0xD7FC      	BRA         L_main7
0x007A	0x2E0B      	DECFSZ      R11, 1, 0
0x007C	0xD7FA      	BRA         L_main7
0x007E	0x0000      	NOP
;LFC_P1C.c,19 :: 		for (i = 0; i < 16 && PORTB.B5; i++)
0x0080	0x4A01      	INFSNZ      R1, 1 
0x0082	0x2A02      	INCF        R2, 1 
;LFC_P1C.c,23 :: 		}
0x0084	0xD7DD      	BRA         L_main2
L_main3:
;LFC_P1C.c,24 :: 		}
0x0086	0xD7DA      	BRA         L_main0
;LFC_P1C.c,25 :: 		}
L_end_main:
0x0088	0xD7FF      	BRA         $+0
; end of _main
0x009A	0xF015EE10  	LFSR        1, 21
0x009E	0x0E10      	MOVLW       16
0x00A0	0x6E00      	MOVWF       R0 
0x00A2	0x0E01      	MOVLW       1
0x00A4	0x6E01      	MOVWF       R1 
0x00A6	0x0E8A      	MOVLW       138
0x00A8	0x6EF6      	MOVWF       4086 
0x00AA	0x0E00      	MOVLW       0
0x00AC	0x6EF7      	MOVWF       TBLPTRH 
0x00AE	0x0E00      	MOVLW       0
0x00B0	0x6EF8      	MOVWF       TBLPTRU 
0x00B2	0xF000EC0E  	CALL        28, 0
0x00B6	0x0012      	RETURN      0
;LFC_P1C.c,0 :: ?ICS_x
0x008A	0x0301 ;?ICS_x+0
0x008C	0x0F07 ;?ICS_x+2
0x008E	0x3F1F ;?ICS_x+4
0x0090	0xFF7F ;?ICS_x+6
0x0092	0xC080 ;?ICS_x+8
0x0094	0xF0E0 ;?ICS_x+10
0x0096	0xFCF8 ;?ICS_x+12
0x0098	0xFFFE ;?ICS_x+14
; end of ?ICS_x
Symbol List:
//** Routines locations **
//ADDRESS    SIZE    PROCEDURE
//----------------------------------------------
0x001C      [16]    ___CC2DW
0x002C      [94]    _main
//** Variables locations ** 
//ADDRESS    SIZE    VARIABLE
//----------------------------------------------
0x0000       [1]    R0
0x0001       [2]    main_i_L0
0x0001       [1]    R1
0x0002       [1]    R2
0x0003       [1]    R3
0x0004       [1]    R4
0x0005       [1]    R5
0x0006       [1]    R6
0x0007       [1]    R7
0x0008       [1]    R8
0x0009       [1]    R9
0x000A       [1]    R10
0x000B       [1]    R11
0x000C       [1]    R12
0x000D       [1]    R13
0x000E       [1]    R14
0x000F       [1]    R15
0x0010       [1]    R16
0x0011       [1]    R17
0x0012       [1]    R18
0x0013       [1]    R19
0x0014       [1]    R20
0x0015      [16]    _x
0x0F81       [1]    PORTB
0x0F82       [1]    PORTC
0x0F93       [1]    TRISB
0x0F94       [1]    TRISC
0x0FC1       [1]    ADCON1
0x0FD8       [1]    STATUS
0x0FD9       [1]    FSR2L
0x0FDA       [1]    FSR2H
0x0FDE       [1]    POSTINC2
0x0FE0       [1]    BSR
0x0FE1       [1]    FSR1L
0x0FE2       [1]    FSR1H
0x0FE4       [1]    PREINC1
0x0FE6       [1]    POSTINC1
0x0FE7       [1]    INDF1
0x0FE8       [1]    WREG
0x0FE9       [1]    FSR0L
0x0FEA       [1]    FSR0H
0x0FEE       [1]    POSTINC0
0x0FF3       [1]    PRODL
0x0FF4       [1]    PRODH
0x0FF5       [1]    TABLAT
0x0FF6       [1]    TBLPTRL
0x0FF7       [1]    TBLPTRH
0x0FF8       [1]    TBLPTRU
//** Constants locations ** 
//ADDRESS    SIZE    CONSTANT
//----------------------------------------------
0x008A      [16]    ?ICS_x
