;  LST file generated by mikroListExporter - v.2.0 
; Date/Time: 11/03/2024 12:03:54
;----------------------------------------------

;Address Opcode 	ASM
0x0000	0xF000EF31  	GOTO        98
_interrupt:
;LFC_P5C.c,2 :: 		void interrupt()
0x0008	0xF015C000  	MOVFF       R0, 21
;LFC_P5C.c,4 :: 		if((INTCON3.INT1IF)&&(INTCON3.INT1IE))
0x000C	0xA0F0      	BTFSS       INTCON3, 0 
0x000E	0xD00B      	BRA         L_interrupt2
0x0010	0xA6F0      	BTFSS       INTCON3, 3 
0x0012	0xD009      	BRA         L_interrupt2
L__interrupt11:
;LFC_P5C.c,6 :: 		PORTC.B0=1;
0x0014	0x8082      	BSF         PORTC, 0 
;LFC_P5C.c,7 :: 		T0CON=0x87;
0x0016	0x0E87      	MOVLW       135
0x0018	0x6ED5      	MOVWF       T0CON 
;LFC_P5C.c,8 :: 		TMR0H=(18661>>8);
0x001A	0x0E48      	MOVLW       72
0x001C	0x6ED7      	MOVWF       TMR0H 
;LFC_P5C.c,9 :: 		TMR0L=18661;
0x001E	0x0EE5      	MOVLW       229
0x0020	0x6ED6      	MOVWF       TMR0L 
;LFC_P5C.c,10 :: 		INTCON3.INT1IF=0;
0x0022	0x90F0      	BCF         INTCON3, 0 
;LFC_P5C.c,11 :: 		INTCON3.INT1IE=0;
0x0024	0x96F0      	BCF         INTCON3, 3 
;LFC_P5C.c,12 :: 		}
L_interrupt2:
;LFC_P5C.c,13 :: 		if((INTCON.TMR0IF)&&(INTCON.TMR0IE))
0x0026	0xA4F2      	BTFSS       INTCON, 2 
0x0028	0xD011      	BRA         L_interrupt5
0x002A	0xAAF2      	BTFSS       INTCON, 5 
0x002C	0xD00F      	BRA         L_interrupt5
L__interrupt10:
;LFC_P5C.c,15 :: 		INTCON.TMR0IF = 0;
0x002E	0x94F2      	BCF         INTCON, 2 
;LFC_P5C.c,16 :: 		i++;
0x0030	0x2A16      	INCF        _i, 1 
;LFC_P5C.c,17 :: 		if(i<2){
0x0032	0x0E02      	MOVLW       2
0x0034	0x5C16      	SUBWF       _i, 0 
0x0036	0xE205      	BC          L_interrupt6
;LFC_P5C.c,18 :: 		TMR0H=(18661>>8);
0x0038	0x0E48      	MOVLW       72
0x003A	0x6ED7      	MOVWF       TMR0H 
;LFC_P5C.c,19 :: 		TMR0L=18661;
0x003C	0x0EE5      	MOVLW       229
0x003E	0x6ED6      	MOVWF       TMR0L 
;LFC_P5C.c,20 :: 		}else{
0x0040	0xD005      	BRA         L_interrupt7
L_interrupt6:
;LFC_P5C.c,21 :: 		PORTC.B0=0;
0x0042	0x9082      	BCF         PORTC, 0 
;LFC_P5C.c,22 :: 		T0CON=0;
0x0044	0x6AD5      	CLRF        T0CON 
;LFC_P5C.c,23 :: 		INTCON3.INT1IF=0;
0x0046	0x90F0      	BCF         INTCON3, 0 
;LFC_P5C.c,24 :: 		INTCON3.INT1IE=1;
0x0048	0x86F0      	BSF         INTCON3, 3 
;LFC_P5C.c,25 :: 		i=0;
0x004A	0x6A16      	CLRF        _i 
;LFC_P5C.c,26 :: 		}
L_interrupt7:
;LFC_P5C.c,27 :: 		}
L_interrupt5:
;LFC_P5C.c,28 :: 		}
L_end_interrupt:
L__interrupt13:
0x004C	0xF000C015  	MOVFF       21, R0
0x0050	0x0011      	RETFIE      1
; end of _interrupt
___CC2DW:
;__Lib_System.c,21 :: 		
;__Lib_System.c,23 :: 		
_CC2DL_Loop1:
;__Lib_System.c,24 :: 		
0x0052	0x0009      	TBLRD*+
;__Lib_System.c,25 :: 		
0x0054	0xFFE6CFF5  	MOVFF       TABLAT, POSTINC1
;__Lib_System.c,26 :: 		
0x0058	0x0600      	DECF        R0, 1, 0
;__Lib_System.c,27 :: 		
0x005A	0xE1FB      	BNZ         _CC2DL_Loop1
;__Lib_System.c,28 :: 		
0x005C	0x0601      	DECF        R1, 1, 0
;__Lib_System.c,29 :: 		
0x005E	0xE1F9      	BNZ         _CC2DL_Loop1
;__Lib_System.c,31 :: 		
L_end___CC2DW:
0x0060	0x0012      	RETURN      0
; end of ___CC2DW
_main:
0x0062	0x6A16      	CLRF        _i 
;LFC_P5C.c,30 :: 		void main() {
;LFC_P5C.c,31 :: 		TRISB.B1 = 1;
0x0064	0x8293      	BSF         TRISB, 1 
;LFC_P5C.c,32 :: 		TRISC.B0 = 0;
0x0066	0x9094      	BCF         TRISC, 0 
;LFC_P5C.c,33 :: 		PORTC.B0 = 0;
0x0068	0x9082      	BCF         PORTC, 0 
;LFC_P5C.c,35 :: 		INTCON2.INTEDG1 = 1;
0x006A	0x8AF1      	BSF         INTCON2, 5 
;LFC_P5C.c,36 :: 		INTCON3.INT1IF = 0;
0x006C	0x90F0      	BCF         INTCON3, 0 
;LFC_P5C.c,37 :: 		INTCON3.INT1IE = 1;
0x006E	0x86F0      	BSF         INTCON3, 3 
;LFC_P5C.c,39 :: 		INTCON.TMR0IF = 0;
0x0070	0x94F2      	BCF         INTCON, 2 
;LFC_P5C.c,40 :: 		INTCON.TMR0IE = 1;
0x0072	0x8AF2      	BSF         INTCON, 5 
;LFC_P5C.c,42 :: 		INTCON.GIE = 1;
0x0074	0x8EF2      	BSF         INTCON, 7 
;LFC_P5C.c,44 :: 		while(1);
L_main8:
0x0076	0xD7FF      	BRA         L_main8
;LFC_P5C.c,45 :: 		}
L_end_main:
0x0078	0xD7FF      	BRA         $+0
; end of _main
Symbol List:
//** Routines locations **
//ADDRESS    SIZE    PROCEDURE
//----------------------------------------------
0x0008      [74]    _interrupt
0x0052      [16]    ___CC2DW
0x0062      [24]    _main
//** Variables locations ** 
//ADDRESS    SIZE    VARIABLE
//----------------------------------------------
0x0000       [1]    R0
0x0001       [1]    R1
0x0002       [1]    R2
0x0003       [1]    R3
0x0004       [1]    R4
0x0005       [1]    R5
0x0006       [1]    R6
0x0007       [1]    R7
0x0008       [1]    R8
0x0009       [1]    R9
0x000A       [1]    R10
0x000B       [1]    R11
0x000C       [1]    R12
0x000D       [1]    R13
0x000E       [1]    R14
0x000F       [1]    R15
0x0010       [1]    R16
0x0011       [1]    R17
0x0012       [1]    R18
0x0013       [1]    R19
0x0014       [1]    R20
0x0016       [1]    _i
0x0F82       [1]    PORTC
0x0F93       [1]    TRISB
0x0F94       [1]    TRISC
0x0FD5       [1]    T0CON
0x0FD6       [1]    TMR0L
0x0FD7       [1]    TMR0H
0x0FD8       [1]    STATUS
0x0FD9       [1]    FSR2L
0x0FDA       [1]    FSR2H
0x0FDE       [1]    POSTINC2
0x0FE0       [1]    BSR
0x0FE1       [1]    FSR1L
0x0FE2       [1]    FSR1H
0x0FE4       [1]    PREINC1
0x0FE6       [1]    POSTINC1
0x0FE7       [1]    INDF1
0x0FE8       [1]    WREG
0x0FE9       [1]    FSR0L
0x0FEA       [1]    FSR0H
0x0FEE       [1]    POSTINC0
0x0FF0       [1]    INTCON3
0x0FF1       [1]    INTCON2
0x0FF2       [1]    INTCON
0x0FF3       [1]    PRODL
0x0FF4       [1]    PRODH
0x0FF5       [1]    TABLAT
0x0FF6       [1]    TBLPTRL
0x0FF7       [1]    TBLPTRH
0x0FF8       [1]    TBLPTRU
